0 info it worked if it ends with ok
1 verbose cli [ '/usr/bin/node', '/usr/bin/npm', 'i', 'node', '--save' ]
2 info using npm@3.10.10
3 info using node@v6.11.4
4 silly loadCurrentTree Starting
5 silly install loadCurrentTree
6 silly install readLocalPackageData
7 silly fetchPackageMetaData node
8 silly fetchNamedPackageData node
9 silly mapToRegistry name node
10 silly mapToRegistry using default registry
11 silly mapToRegistry registry https://registry.npmjs.org/
12 silly mapToRegistry data Result {
12 silly mapToRegistry   raw: 'node',
12 silly mapToRegistry   scope: null,
12 silly mapToRegistry   escapedName: 'node',
12 silly mapToRegistry   name: 'node',
12 silly mapToRegistry   rawSpec: '',
12 silly mapToRegistry   spec: 'latest',
12 silly mapToRegistry   type: 'tag' }
13 silly mapToRegistry uri https://registry.npmjs.org/node
14 verbose request uri https://registry.npmjs.org/node
15 verbose request no auth needed
16 info attempt registry request try #1 at 10:24:12 PM
17 verbose request id 7290bf6325246259
18 verbose etag W/"59cd741e-4e34a"
19 verbose lastModified Thu, 28 Sep 2017 22:13:50 GMT
20 http request GET https://registry.npmjs.org/node
21 http 200 https://registry.npmjs.org/node
22 verbose headers { server: 'nginx/1.10.1',
22 verbose headers   'content-type': 'application/json',
22 verbose headers   'last-modified': 'Thu, 16 Nov 2017 04:51:24 GMT',
22 verbose headers   etag: 'W/"5a0d194c-5130e"',
22 verbose headers   'content-encoding': 'gzip',
22 verbose headers   'cache-control': 'max-age=300',
22 verbose headers   'content-length': '53626',
22 verbose headers   'accept-ranges': 'bytes',
22 verbose headers   date: 'Wed, 22 Nov 2017 18:26:58 GMT',
22 verbose headers   via: '1.1 varnish',
22 verbose headers   age: '0',
22 verbose headers   connection: 'keep-alive',
22 verbose headers   'x-served-by': 'cache-hhn1551-HHN',
22 verbose headers   'x-cache': 'HIT',
22 verbose headers   'x-cache-hits': '1',
22 verbose headers   'x-timer': 'S1511375219.533318,VS0,VE93',
22 verbose headers   vary: 'Accept-Encoding, Accept' }
23 silly get cb [ 200,
23 silly get   { server: 'nginx/1.10.1',
23 silly get     'content-type': 'application/json',
23 silly get     'last-modified': 'Thu, 16 Nov 2017 04:51:24 GMT',
23 silly get     etag: 'W/"5a0d194c-5130e"',
23 silly get     'content-encoding': 'gzip',
23 silly get     'cache-control': 'max-age=300',
23 silly get     'content-length': '53626',
23 silly get     'accept-ranges': 'bytes',
23 silly get     date: 'Wed, 22 Nov 2017 18:26:58 GMT',
23 silly get     via: '1.1 varnish',
23 silly get     age: '0',
23 silly get     connection: 'keep-alive',
23 silly get     'x-served-by': 'cache-hhn1551-HHN',
23 silly get     'x-cache': 'HIT',
23 silly get     'x-cache-hits': '1',
23 silly get     'x-timer': 'S1511375219.533318,VS0,VE93',
23 silly get     vary: 'Accept-Encoding, Accept' } ]
24 verbose get saving node to /home/dev/.npm/registry.npmjs.org/node/.cache.json
25 verbose correctMkdir /home/dev/.npm correctMkdir not in flight; initializing
26 silly install normalizeTree
27 silly loadCurrentTree Finishing
28 silly loadIdealTree Starting
29 silly install loadIdealTree
30 silly cloneCurrentTree Starting
31 silly install cloneCurrentTreeToIdealTree
32 silly cloneCurrentTree Finishing
33 silly loadShrinkwrap Starting
34 silly install loadShrinkwrap
35 silly loadShrinkwrap Finishing
36 silly loadAllDepsIntoIdealTree Starting
37 silly install loadAllDepsIntoIdealTree
38 silly resolveWithNewModule node@9.2.0 checking installable status
39 silly cache add args [ 'node', null ]
40 verbose cache add spec node
41 silly cache add parsed spec Result {
41 silly cache add   raw: 'node',
41 silly cache add   scope: null,
41 silly cache add   escapedName: 'node',
41 silly cache add   name: 'node',
41 silly cache add   rawSpec: '',
41 silly cache add   spec: 'latest',
41 silly cache add   type: 'tag' }
42 silly addNamed node@latest
43 verbose addNamed "latest" is being treated as a dist-tag for node
44 info addNameTag [ 'node', 'latest' ]
45 silly mapToRegistry name node
46 silly mapToRegistry using default registry
47 silly mapToRegistry registry https://registry.npmjs.org/
48 silly mapToRegistry data Result {
48 silly mapToRegistry   raw: 'node',
48 silly mapToRegistry   scope: null,
48 silly mapToRegistry   escapedName: 'node',
48 silly mapToRegistry   name: 'node',
48 silly mapToRegistry   rawSpec: '',
48 silly mapToRegistry   spec: 'latest',
48 silly mapToRegistry   type: 'tag' }
49 silly mapToRegistry uri https://registry.npmjs.org/node
50 verbose addNameTag registry:https://registry.npmjs.org/node not in flight; fetching
51 verbose get https://registry.npmjs.org/node not expired, no request
52 silly addNameTag next cb for node with tag latest
53 silly addNamed node@9.2.0
54 verbose addNamed "9.2.0" is a plain semver version for node
55 silly mapToRegistry name node
56 silly mapToRegistry using default registry
57 silly mapToRegistry registry https://registry.npmjs.org/
58 silly mapToRegistry data Result {
58 silly mapToRegistry   raw: 'node',
58 silly mapToRegistry   scope: null,
58 silly mapToRegistry   escapedName: 'node',
58 silly mapToRegistry   name: 'node',
58 silly mapToRegistry   rawSpec: '',
58 silly mapToRegistry   spec: 'latest',
58 silly mapToRegistry   type: 'tag' }
59 silly mapToRegistry uri https://registry.npmjs.org/node
60 verbose addRemoteTarball https://registry.npmjs.org/node/-/node-9.2.0.tgz not in flight; adding
61 verbose addRemoteTarball [ 'https://registry.npmjs.org/node/-/node-9.2.0.tgz',
61 verbose addRemoteTarball   '1d2171051dbc1856f993bb0dc72fbfdf4b9c9e62' ]
62 info retry fetch attempt 1 at 10:24:13 PM
63 info attempt registry request try #1 at 10:24:13 PM
64 http fetch GET https://registry.npmjs.org/node/-/node-9.2.0.tgz
65 http fetch 200 https://registry.npmjs.org/node/-/node-9.2.0.tgz
66 silly fetchAndShaCheck shasum 1d2171051dbc1856f993bb0dc72fbfdf4b9c9e62
67 verbose addTmpTarball /tmp/npm-3189-6c6531d7/registry.npmjs.org/node/-/node-9.2.0.tgz not in flight; adding
68 verbose addTmpTarball already have metadata; skipping unpack for node@9.2.0
69 verbose correctMkdir /home/dev/.npm correctMkdir not in flight; initializing
70 silly cache afterAdd node@9.2.0
71 verbose afterAdd /home/dev/.npm/node/9.2.0/package/package.json not in flight; writing
72 verbose correctMkdir /home/dev/.npm correctMkdir not in flight; initializing
73 verbose afterAdd /home/dev/.npm/node/9.2.0/package/package.json written
74 silly fetchNamedPackageData node-bin-setup
75 silly mapToRegistry name node-bin-setup
76 silly mapToRegistry using default registry
77 silly mapToRegistry registry https://registry.npmjs.org/
78 silly mapToRegistry data Result {
78 silly mapToRegistry   raw: 'node-bin-setup',
78 silly mapToRegistry   scope: null,
78 silly mapToRegistry   escapedName: 'node-bin-setup',
78 silly mapToRegistry   name: 'node-bin-setup',
78 silly mapToRegistry   rawSpec: '',
78 silly mapToRegistry   spec: 'latest',
78 silly mapToRegistry   type: 'tag' }
79 silly mapToRegistry uri https://registry.npmjs.org/node-bin-setup
80 verbose request uri https://registry.npmjs.org/node-bin-setup
81 verbose request no auth needed
82 info attempt registry request try #1 at 10:24:14 PM
83 http request GET https://registry.npmjs.org/node-bin-setup
84 http 200 https://registry.npmjs.org/node-bin-setup
85 verbose headers { server: 'nginx/1.10.1',
85 verbose headers   'content-type': 'application/json',
85 verbose headers   'last-modified': 'Tue, 25 Jul 2017 03:32:58 GMT',
85 verbose headers   etag: 'W/"5976bbea-1511"',
85 verbose headers   'content-encoding': 'gzip',
85 verbose headers   'cache-control': 'max-age=300',
85 verbose headers   'content-length': '1464',
85 verbose headers   'accept-ranges': 'bytes',
85 verbose headers   date: 'Wed, 22 Nov 2017 18:26:59 GMT',
85 verbose headers   via: '1.1 varnish',
85 verbose headers   age: '0',
85 verbose headers   connection: 'keep-alive',
85 verbose headers   'x-served-by': 'cache-hhn1551-HHN',
85 verbose headers   'x-cache': 'HIT',
85 verbose headers   'x-cache-hits': '1',
85 verbose headers   'x-timer': 'S1511375219.362792,VS0,VE2',
85 verbose headers   vary: 'Accept-Encoding, Accept' }
86 silly get cb [ 200,
86 silly get   { server: 'nginx/1.10.1',
86 silly get     'content-type': 'application/json',
86 silly get     'last-modified': 'Tue, 25 Jul 2017 03:32:58 GMT',
86 silly get     etag: 'W/"5976bbea-1511"',
86 silly get     'content-encoding': 'gzip',
86 silly get     'cache-control': 'max-age=300',
86 silly get     'content-length': '1464',
86 silly get     'accept-ranges': 'bytes',
86 silly get     date: 'Wed, 22 Nov 2017 18:26:59 GMT',
86 silly get     via: '1.1 varnish',
86 silly get     age: '0',
86 silly get     connection: 'keep-alive',
86 silly get     'x-served-by': 'cache-hhn1551-HHN',
86 silly get     'x-cache': 'HIT',
86 silly get     'x-cache-hits': '1',
86 silly get     'x-timer': 'S1511375219.362792,VS0,VE2',
86 silly get     vary: 'Accept-Encoding, Accept' } ]
87 verbose get saving node-bin-setup to /home/dev/.npm/registry.npmjs.org/node-bin-setup/.cache.json
88 verbose correctMkdir /home/dev/.npm correctMkdir not in flight; initializing
89 silly resolveWithNewModule node-bin-setup@1.0.6 checking installable status
90 silly cache add args [ 'node-bin-setup@^1.0.0', null ]
91 verbose cache add spec node-bin-setup@^1.0.0
92 silly cache add parsed spec Result {
92 silly cache add   raw: 'node-bin-setup@^1.0.0',
92 silly cache add   scope: null,
92 silly cache add   escapedName: 'node-bin-setup',
92 silly cache add   name: 'node-bin-setup',
92 silly cache add   rawSpec: '^1.0.0',
92 silly cache add   spec: '>=1.0.0 <2.0.0',
92 silly cache add   type: 'range' }
93 silly addNamed node-bin-setup@>=1.0.0 <2.0.0
94 verbose addNamed ">=1.0.0 <2.0.0" is a valid semver range for node-bin-setup
95 silly addNameRange { name: 'node-bin-setup',
95 silly addNameRange   range: '>=1.0.0 <2.0.0',
95 silly addNameRange   hasData: false }
96 silly mapToRegistry name node-bin-setup
97 silly mapToRegistry using default registry
98 silly mapToRegistry registry https://registry.npmjs.org/
99 silly mapToRegistry data Result {
99 silly mapToRegistry   raw: 'node-bin-setup',
99 silly mapToRegistry   scope: null,
99 silly mapToRegistry   escapedName: 'node-bin-setup',
99 silly mapToRegistry   name: 'node-bin-setup',
99 silly mapToRegistry   rawSpec: '',
99 silly mapToRegistry   spec: 'latest',
99 silly mapToRegistry   type: 'tag' }
100 silly mapToRegistry uri https://registry.npmjs.org/node-bin-setup
101 verbose addNameRange registry:https://registry.npmjs.org/node-bin-setup not in flight; fetching
102 verbose get https://registry.npmjs.org/node-bin-setup not expired, no request
103 silly addNameRange number 2 { name: 'node-bin-setup',
103 silly addNameRange   range: '>=1.0.0 <2.0.0',
103 silly addNameRange   hasData: true }
104 silly addNameRange versions [ 'node-bin-setup',
104 silly addNameRange   [ '1.0.0', '1.0.1', '1.0.2', '1.0.3', '1.0.4', '1.0.6' ] ]
105 silly addNamed node-bin-setup@1.0.6
106 verbose addNamed "1.0.6" is a plain semver version for node-bin-setup
107 silly mapToRegistry name node-bin-setup
108 silly mapToRegistry using default registry
109 silly mapToRegistry registry https://registry.npmjs.org/
110 silly mapToRegistry data Result {
110 silly mapToRegistry   raw: 'node-bin-setup',
110 silly mapToRegistry   scope: null,
110 silly mapToRegistry   escapedName: 'node-bin-setup',
110 silly mapToRegistry   name: 'node-bin-setup',
110 silly mapToRegistry   rawSpec: '',
110 silly mapToRegistry   spec: 'latest',
110 silly mapToRegistry   type: 'tag' }
111 silly mapToRegistry uri https://registry.npmjs.org/node-bin-setup
112 verbose addRemoteTarball https://registry.npmjs.org/node-bin-setup/-/node-bin-setup-1.0.6.tgz not in flight; adding
113 verbose addRemoteTarball [ 'https://registry.npmjs.org/node-bin-setup/-/node-bin-setup-1.0.6.tgz',
113 verbose addRemoteTarball   '4b5c9bb937ece702d7069b36ca78af4684677528' ]
114 info retry fetch attempt 1 at 10:24:14 PM
115 info attempt registry request try #1 at 10:24:14 PM
116 http fetch GET https://registry.npmjs.org/node-bin-setup/-/node-bin-setup-1.0.6.tgz
117 http fetch 200 https://registry.npmjs.org/node-bin-setup/-/node-bin-setup-1.0.6.tgz
118 silly fetchAndShaCheck shasum 4b5c9bb937ece702d7069b36ca78af4684677528
119 verbose addTmpTarball /tmp/npm-3189-6c6531d7/registry.npmjs.org/node-bin-setup/-/node-bin-setup-1.0.6.tgz not in flight; adding
120 verbose addTmpTarball already have metadata; skipping unpack for node-bin-setup@1.0.6
121 verbose correctMkdir /home/dev/.npm correctMkdir not in flight; initializing
122 silly cache afterAdd node-bin-setup@1.0.6
123 verbose afterAdd /home/dev/.npm/node-bin-setup/1.0.6/package/package.json not in flight; writing
124 verbose correctMkdir /home/dev/.npm correctMkdir not in flight; initializing
125 verbose afterAdd /home/dev/.npm/node-bin-setup/1.0.6/package/package.json written
126 silly loadAllDepsIntoIdealTree Finishing
127 silly loadIdealTree Finishing
128 silly currentTree boot_strap@1.0.0
129 silly idealTree boot_strap@1.0.0
129 silly idealTree ├── node-bin-setup@1.0.6
129 silly idealTree └── node@9.2.0
130 silly generateActionsToTake Starting
131 silly install generateActionsToTake
132 silly generateActionsToTake Finishing
133 silly diffTrees action count 2
134 silly diffTrees add node-bin-setup@1.0.6
135 silly diffTrees add node@9.2.0
136 silly decomposeActions action count 16
137 silly decomposeActions fetch node-bin-setup@1.0.6
138 silly decomposeActions extract node-bin-setup@1.0.6
139 silly decomposeActions test node-bin-setup@1.0.6
140 silly decomposeActions preinstall node-bin-setup@1.0.6
141 silly decomposeActions build node-bin-setup@1.0.6
142 silly decomposeActions install node-bin-setup@1.0.6
143 silly decomposeActions postinstall node-bin-setup@1.0.6
144 silly decomposeActions finalize node-bin-setup@1.0.6
145 silly decomposeActions fetch node@9.2.0
146 silly decomposeActions extract node@9.2.0
147 silly decomposeActions test node@9.2.0
148 silly decomposeActions preinstall node@9.2.0
149 silly decomposeActions build node@9.2.0
150 silly decomposeActions install node@9.2.0
151 silly decomposeActions postinstall node@9.2.0
152 silly decomposeActions finalize node@9.2.0
153 silly runTopLevelLifecycles Starting
154 silly executeActions Starting
155 silly install executeActions
156 silly doSerial global-install 0
157 silly doParallel fetch 2
158 verbose correctMkdir /home/dev/.npm/_locks correctMkdir not in flight; initializing
159 verbose lock using /home/dev/.npm/_locks/staging-24020312e336d399.lock for /home/dev/boot_strap/node_modules/.staging
160 silly doParallel extract 2
161 silly extract node-bin-setup@1.0.6
162 silly extract node@9.2.0
163 verbose unbuild node_modules/.staging/node-bin-setup-60564143
164 verbose unbuild node_modules/.staging/node-4ee96ebc
165 silly gentlyRm /home/dev/boot_strap/node_modules/.staging/node-bin-setup-60564143 is being purged from base /home/dev/boot_strap
166 verbose gentlyRm don't care about contents; nuking /home/dev/boot_strap/node_modules/.staging/node-bin-setup-60564143
167 verbose tar unpack /home/dev/.npm/node-bin-setup/1.0.6/package.tgz
168 verbose tar unpacking to /home/dev/boot_strap/node_modules/.staging/node-bin-setup-60564143
169 silly gentlyRm /home/dev/boot_strap/node_modules/.staging/node-bin-setup-60564143 is being purged
170 verbose gentlyRm don't care about contents; nuking /home/dev/boot_strap/node_modules/.staging/node-bin-setup-60564143
171 silly gentlyRm /home/dev/boot_strap/node_modules/.staging/node-4ee96ebc is being purged from base /home/dev/boot_strap
172 verbose gentlyRm don't care about contents; nuking /home/dev/boot_strap/node_modules/.staging/node-4ee96ebc
173 silly gunzTarPerm modes [ '775', '664' ]
174 verbose tar unpack /home/dev/.npm/node/9.2.0/package.tgz
175 verbose tar unpacking to /home/dev/boot_strap/node_modules/.staging/node-4ee96ebc
176 silly gentlyRm /home/dev/boot_strap/node_modules/.staging/node-4ee96ebc is being purged
177 verbose gentlyRm don't care about contents; nuking /home/dev/boot_strap/node_modules/.staging/node-4ee96ebc
178 silly gunzTarPerm modes [ '775', '664' ]
179 silly gunzTarPerm extractEntry package.json
180 silly gunzTarPerm modified mode [ 'package.json', 420, 436 ]
181 silly gunzTarPerm extractEntry package.json
182 silly gunzTarPerm modified mode [ 'package.json', 420, 436 ]
183 silly gunzTarPerm extractEntry index.js
184 silly gunzTarPerm modified mode [ 'index.js', 420, 436 ]
185 silly gunzTarPerm extractEntry installArchSpecificPackage.js
186 silly gunzTarPerm modified mode [ 'installArchSpecificPackage.js', 420, 436 ]
187 silly gunzTarPerm extractEntry README.md
188 silly gunzTarPerm modified mode [ 'README.md', 420, 436 ]
189 silly gentlyRm /home/dev/boot_strap/node_modules/.staging/node-bin-setup-60564143/node_modules is being purged
190 verbose gentlyRm don't care about contents; nuking /home/dev/boot_strap/node_modules/.staging/node-bin-setup-60564143/node_modules
191 silly gentlyRm /home/dev/boot_strap/node_modules/.staging/node-4ee96ebc/node_modules is being purged
192 verbose gentlyRm don't care about contents; nuking /home/dev/boot_strap/node_modules/.staging/node-4ee96ebc/node_modules
193 silly doParallel preinstall 2
194 silly preinstall node-bin-setup@1.0.6 /home/dev/boot_strap/node_modules/.staging/node-bin-setup-60564143
195 info lifecycle node-bin-setup@1.0.6~preinstall: node-bin-setup@1.0.6
196 silly preinstall node@9.2.0 /home/dev/boot_strap/node_modules/.staging/node-4ee96ebc
197 info lifecycle node@9.2.0~preinstall: node@9.2.0
198 silly lifecycle node-bin-setup@1.0.6~preinstall: no script for preinstall, continuing
199 verbose lifecycle node@9.2.0~preinstall: unsafe-perm in lifecycle true
200 verbose lifecycle node@9.2.0~preinstall: PATH: /usr/lib/node_modules/npm/bin/node-gyp-bin:/home/dev/boot_strap/node_modules/.staging/node-4ee96ebc/node_modules/.bin:/home/dev/boot_strap/node_modules/.bin:/home/dev/bin:/home/dev/.local/bin:/usr/local/sbin:/usr/local/bin:/usr/sbin:/usr/bin:/sbin:/bin:/usr/games:/usr/local/games:/snap/bin
201 verbose lifecycle node@9.2.0~preinstall: CWD: /home/dev/boot_strap/node_modules/.staging/node-4ee96ebc
202 silly lifecycle node@9.2.0~preinstall: Args: [ '-c', 'node installArchSpecificPackage' ]
203 silly lifecycle node@9.2.0~preinstall: Returned: code: 1  signal: null
204 info lifecycle node@9.2.0~preinstall: Failed to exec preinstall script
205 verbose unlock done using /home/dev/.npm/_locks/staging-24020312e336d399.lock for /home/dev/boot_strap/node_modules/.staging
206 silly rollbackFailedOptional Starting
207 silly rollbackFailedOptional Finishing
208 silly runTopLevelLifecycles Finishing
209 silly install printInstalled
210 warn boot_strap@1.0.0 No description
211 verbose If you need help, you may report this error at:
211 verbose     <https://github.com/npm/npm/issues>
212 verbose stack Error: node@9.2.0 preinstall: `node installArchSpecificPackage`
212 verbose stack Exit status 1
212 verbose stack     at EventEmitter.<anonymous> (/usr/lib/node_modules/npm/lib/utils/lifecycle.js:255:16)
212 verbose stack     at emitTwo (events.js:106:13)
212 verbose stack     at EventEmitter.emit (events.js:191:7)
212 verbose stack     at ChildProcess.<anonymous> (/usr/lib/node_modules/npm/lib/utils/spawn.js:40:14)
212 verbose stack     at emitTwo (events.js:106:13)
212 verbose stack     at ChildProcess.emit (events.js:191:7)
212 verbose stack     at maybeClose (internal/child_process.js:920:16)
212 verbose stack     at Process.ChildProcess._handle.onexit (internal/child_process.js:230:5)
213 verbose pkgid node@9.2.0
214 verbose cwd /home/dev/boot_strap
215 error Linux 4.4.0-97-generic
216 error argv "/usr/bin/node" "/usr/bin/npm" "i" "node" "--save"
217 error node v6.11.4
218 error npm  v3.10.10
219 error code ELIFECYCLE
220 error node@9.2.0 preinstall: `node installArchSpecificPackage`
220 error Exit status 1
221 error Failed at the node@9.2.0 preinstall script 'node installArchSpecificPackage'.
221 error Make sure you have the latest version of node.js and npm installed.
221 error If you do, this is most likely a problem with the node package,
221 error not with npm itself.
221 error Tell the author that this fails on your system:
221 error     node installArchSpecificPackage
221 error You can get information on how to open an issue for this project with:
221 error     npm bugs node
221 error Or if that isn't available, you can get their info via:
221 error     npm owner ls node
221 error There is likely additional logging output above.
222 verbose exit [ 1, true ]
